<?xml version="1.0" encoding="UTF-8"?>
<!-- Generated by org.testng.reporters.JUnitReportReporter -->
<testsuite hostname="LAPTOP-VGETR40P" failures="0" tests="6" name="com.capstone1.selenium.testclass" time="1.813" errors="0" timestamp="14 Sep 2021 14:54:39 GMT">
  <testcase classname="com.capstone1.selenium.testclass" name="checking_the_contact" time="0.530"/>
  <testcase classname="com.capstone1.selenium.testclass" name="title" time="0.233"/>
  <testcase classname="com.capstone1.selenium.testclass" name="checking_the_content" time="0.316"/>
  <testcase classname="com.capstone1.selenium.testclass" name="verifyHomepageTitle" time="0.012"/>
  <testcase classname="com.capstone1.selenium.testclass" name="enter_registered_username_and_password" time="0.472"/>
  <testcase classname="com.capstone1.selenium.testclass" name="checking_the_name" time="0.250"/>
</testsuite> <!-- com.capstone1.selenium.testclass -->
